TN:
SF:/mnt/c/Users/Bernatmj/Desktop/gitIkcoin/chainlink-smart-contracts-bootcamp/Day2-Hardhat/hardhat-local-network/contracts/APIConsumer.sol
FN:25,constructor
FN:43,requestVolumeData
FN:73,fulfill
FN:78,stringToBytes32
FNF:4
FNH:3
FNDA:3,constructor
FNDA:1,requestVolumeData
FNDA:0,fulfill
FNDA:3,stringToBytes32
DA:26,3
DA:27,0
DA:29,3
DA:34,3
DA:35,3
DA:36,3
DA:45,1
DA:48,1
DA:60,1
DA:63,1
DA:64,1
DA:67,1
DA:75,0
DA:79,3
DA:80,3
DA:81,0
DA:84,3
LF:17
LH:14
BRDA:26,1,0,0
BRDA:26,1,1,3
BRDA:80,2,0,0
BRDA:80,2,1,3
BRF:4
BRH:2
end_of_record
TN:
SF:/mnt/c/Users/Bernatmj/Desktop/gitIkcoin/chainlink-smart-contracts-bootcamp/Day2-Hardhat/hardhat-local-network/contracts/KeepersCounter.sol
FN:17,constructor
FN:24,checkUpkeep
FN:29,performUpkeep
FNF:3
FNH:3
FNDA:3,constructor
FNDA:1,checkUpkeep
FNDA:1,performUpkeep
DA:18,3
DA:19,3
DA:21,3
DA:25,1
DA:30,1
DA:31,1
LF:6
LH:6
BRF:0
BRH:0
end_of_record
TN:
SF:/mnt/c/Users/Bernatmj/Desktop/gitIkcoin/chainlink-smart-contracts-bootcamp/Day2-Hardhat/hardhat-local-network/contracts/PriceConsumerV3.sol
FN:14,constructor
FN:21,getLatestPrice
FNF:2
FNH:2
FNDA:3,constructor
FNDA:1,getLatestPrice
DA:15,3
DA:22,1
DA:29,1
LF:3
LH:3
BRF:0
BRH:0
end_of_record
TN:
SF:/mnt/c/Users/Bernatmj/Desktop/gitIkcoin/chainlink-smart-contracts-bootcamp/Day2-Hardhat/hardhat-local-network/contracts/RandomNumberConsumer.sol
FN:31,constructor
FN:40,getRandomNumber
FN:48,fulfillRandomness
FNF:3
FNH:2
FNDA:3,constructor
FNDA:1,getRandomNumber
FNDA:0,fulfillRandomness
DA:33,3
DA:34,3
DA:41,1
DA:42,1
DA:49,0
LF:5
LH:4
BRDA:41,1,0,1
BRDA:41,1,1,0
BRF:2
BRH:1
end_of_record
TN:
SF:/mnt/c/Users/Bernatmj/Desktop/gitIkcoin/chainlink-smart-contracts-bootcamp/Day2-Hardhat/hardhat-local-network/contracts/test/LinkToken.sol
FNF:0
FNH:0
LF:0
LH:0
BRF:0
BRH:0
end_of_record
TN:
SF:/mnt/c/Users/Bernatmj/Desktop/gitIkcoin/chainlink-smart-contracts-bootcamp/Day2-Hardhat/hardhat-local-network/contracts/test/MockOracle.sol
FN:48,constructor
FN:80,oracleRequest
FN:118,fulfillOracleRequest
FN:140,cancelOracleRequest
FN:164,getChainlinkToken
FN:179,isValidRequest
FN:189,checkCallbackAddress
FNF:7
FNH:4
FNDA:12,constructor
FNDA:1,oracleRequest
FNDA:0,fulfillOracleRequest
FNDA:0,cancelOracleRequest
FNDA:2,getChainlinkToken
FNDA:0,isValidRequest
FNDA:1,checkCallbackAddress
DA:51,12
DA:82,1
DA:83,1
DA:85,1
DA:87,1
DA:92,1
DA:121,0
DA:122,0
DA:123,0
DA:127,0
DA:128,0
DA:149,0
DA:151,0
DA:153,0
DA:154,0
DA:156,0
DA:170,2
DA:180,0
DA:181,0
DA:190,1
DA:191,1
LF:21
LH:9
BRDA:83,1,0,1
BRDA:83,1,1,0
BRDA:123,2,0,0
BRDA:123,2,1,0
BRDA:149,3,0,0
BRDA:149,3,1,0
BRDA:151,4,0,0
BRDA:151,4,1,0
BRDA:180,5,0,0
BRDA:180,5,1,0
BRDA:190,6,0,1
BRDA:190,6,1,0
BRF:12
BRH:2
end_of_record
TN:
SF:/mnt/c/Users/Bernatmj/Desktop/gitIkcoin/chainlink-smart-contracts-bootcamp/Day2-Hardhat/hardhat-local-network/contracts/test/MockV3Aggregator.sol
FNF:0
FNH:0
LF:0
LH:0
BRF:0
BRH:0
end_of_record
TN:
SF:/mnt/c/Users/Bernatmj/Desktop/gitIkcoin/chainlink-smart-contracts-bootcamp/Day2-Hardhat/hardhat-local-network/contracts/test/VRFCoordinatorMock.sol
FNF:0
FNH:0
LF:0
LH:0
BRF:0
BRH:0
end_of_record
