{"contracts/APIConsumer.sol":{"l":{"26":3,"27":0,"29":3,"34":3,"35":3,"36":3,"45":1,"48":1,"60":1,"63":1,"64":1,"67":1,"75":0,"79":3,"80":3,"81":0,"84":3},"path":"/mnt/c/Users/Bernatmj/Desktop/gitIkcoin/chainlink-smart-contracts-bootcamp/Day2-Hardhat/hardhat-local-network/contracts/APIConsumer.sol","s":{"1":3,"2":0,"3":3,"4":3,"5":3,"6":3,"7":1,"8":1,"9":1,"10":1,"11":1,"12":1,"13":0,"14":3,"15":3,"16":0},"b":{"1":[0,3],"2":[0,3]},"f":{"1":3,"2":1,"3":0,"4":3},"fnMap":{"1":{"name":"constructor","line":25,"loc":{"start":{"line":25,"column":4},"end":{"line":37,"column":4}}},"2":{"name":"requestVolumeData","line":43,"loc":{"start":{"line":43,"column":4},"end":{"line":68,"column":4}}},"3":{"name":"fulfill","line":73,"loc":{"start":{"line":73,"column":4},"end":{"line":76,"column":4}}},"4":{"name":"stringToBytes32","line":78,"loc":{"start":{"line":78,"column":4},"end":{"line":87,"column":4}}}},"statementMap":{"1":{"start":{"line":26,"column":8},"end":{"line":26,"column":713}},"2":{"start":{"line":27,"column":12},"end":{"line":27,"column":36}},"3":{"start":{"line":29,"column":12},"end":{"line":29,"column":35}},"4":{"start":{"line":34,"column":8},"end":{"line":34,"column":23}},"5":{"start":{"line":35,"column":8},"end":{"line":35,"column":38}},"6":{"start":{"line":36,"column":8},"end":{"line":36,"column":17}},"7":{"start":{"line":45,"column":8},"end":{"line":45,"column":109}},"8":{"start":{"line":48,"column":8},"end":{"line":48,"column":102}},"9":{"start":{"line":60,"column":8},"end":{"line":60,"column":54}},"10":{"start":{"line":63,"column":8},"end":{"line":63,"column":32}},"11":{"start":{"line":64,"column":8},"end":{"line":64,"column":43}},"12":{"start":{"line":67,"column":8},"end":{"line":67,"column":59}},"13":{"start":{"line":75,"column":8},"end":{"line":75,"column":23}},"14":{"start":{"line":79,"column":8},"end":{"line":79,"column":56}},"15":{"start":{"line":80,"column":8},"end":{"line":80,"column":2584}},"16":{"start":{"line":81,"column":12},"end":{"line":81,"column":22}}},"branchMap":{"1":{"line":26,"type":"if","locations":[{"start":{"line":26,"column":8},"end":{"line":26,"column":8}},{"start":{"line":26,"column":8},"end":{"line":26,"column":8}}]},"2":{"line":80,"type":"if","locations":[{"start":{"line":80,"column":8},"end":{"line":80,"column":8}},{"start":{"line":80,"column":8},"end":{"line":80,"column":8}}]}}},"contracts/KeepersCounter.sol":{"l":{"18":3,"19":3,"21":3,"25":1,"30":1,"31":1},"path":"/mnt/c/Users/Bernatmj/Desktop/gitIkcoin/chainlink-smart-contracts-bootcamp/Day2-Hardhat/hardhat-local-network/contracts/KeepersCounter.sol","s":{"1":3,"2":3,"3":3,"4":1,"5":1,"6":1},"b":{},"f":{"1":3,"2":1,"3":1},"fnMap":{"1":{"name":"constructor","line":17,"loc":{"start":{"line":17,"column":4},"end":{"line":22,"column":4}}},"2":{"name":"checkUpkeep","line":24,"loc":{"start":{"line":24,"column":4},"end":{"line":27,"column":4}}},"3":{"name":"performUpkeep","line":29,"loc":{"start":{"line":29,"column":4},"end":{"line":33,"column":4}}}},"statementMap":{"1":{"start":{"line":18,"column":6},"end":{"line":18,"column":30}},"2":{"start":{"line":19,"column":6},"end":{"line":19,"column":36}},"3":{"start":{"line":21,"column":6},"end":{"line":21,"column":16}},"4":{"start":{"line":25,"column":8},"end":{"line":25,"column":66}},"5":{"start":{"line":30,"column":8},"end":{"line":30,"column":38}},"6":{"start":{"line":31,"column":8},"end":{"line":31,"column":28}}},"branchMap":{}},"contracts/PriceConsumerV3.sol":{"l":{"15":3,"22":1,"29":1},"path":"/mnt/c/Users/Bernatmj/Desktop/gitIkcoin/chainlink-smart-contracts-bootcamp/Day2-Hardhat/hardhat-local-network/contracts/PriceConsumerV3.sol","s":{"1":3,"2":1,"3":1},"b":{},"f":{"1":3,"2":1},"fnMap":{"1":{"name":"constructor","line":14,"loc":{"start":{"line":14,"column":4},"end":{"line":16,"column":4}}},"2":{"name":"getLatestPrice","line":21,"loc":{"start":{"line":21,"column":4},"end":{"line":30,"column":4}}}},"statementMap":{"1":{"start":{"line":15,"column":8},"end":{"line":15,"column":52}},"2":{"start":{"line":22,"column":8},"end":{"line":22,"column":563}},"3":{"start":{"line":29,"column":8},"end":{"line":29,"column":20}}},"branchMap":{}},"contracts/RandomNumberConsumer.sol":{"l":{"33":3,"34":3,"41":1,"42":1,"49":0},"path":"/mnt/c/Users/Bernatmj/Desktop/gitIkcoin/chainlink-smart-contracts-bootcamp/Day2-Hardhat/hardhat-local-network/contracts/RandomNumberConsumer.sol","s":{"1":3,"2":3,"3":1,"4":1,"5":0},"b":{"1":[1,0]},"f":{"1":3,"2":1,"3":0},"fnMap":{"1":{"name":"constructor","line":31,"loc":{"start":{"line":24,"column":4},"end":{"line":35,"column":4}}},"2":{"name":"getRandomNumber","line":40,"loc":{"start":{"line":40,"column":4},"end":{"line":43,"column":4}}},"3":{"name":"fulfillRandomness","line":48,"loc":{"start":{"line":48,"column":4},"end":{"line":50,"column":4}}}},"statementMap":{"1":{"start":{"line":33,"column":8},"end":{"line":33,"column":25}},"2":{"start":{"line":34,"column":8},"end":{"line":34,"column":17}},"3":{"start":{"line":41,"column":8},"end":{"line":41,"column":99}},"4":{"start":{"line":42,"column":8},"end":{"line":42,"column":46}},"5":{"start":{"line":49,"column":8},"end":{"line":49,"column":32}}},"branchMap":{"1":{"line":41,"type":"if","locations":[{"start":{"line":41,"column":8},"end":{"line":41,"column":8}},{"start":{"line":41,"column":8},"end":{"line":41,"column":8}}]}}},"contracts/test/LinkToken.sol":{"l":{},"path":"/mnt/c/Users/Bernatmj/Desktop/gitIkcoin/chainlink-smart-contracts-bootcamp/Day2-Hardhat/hardhat-local-network/contracts/test/LinkToken.sol","s":{},"b":{},"f":{},"fnMap":{},"statementMap":{},"branchMap":{}},"contracts/test/MockOracle.sol":{"l":{"51":12,"82":1,"83":1,"85":1,"87":1,"92":1,"121":0,"122":0,"123":0,"127":0,"128":0,"149":0,"151":0,"153":0,"154":0,"156":0,"170":2,"180":0,"181":0,"190":1,"191":1},"path":"/mnt/c/Users/Bernatmj/Desktop/gitIkcoin/chainlink-smart-contracts-bootcamp/Day2-Hardhat/hardhat-local-network/contracts/test/MockOracle.sol","s":{"1":12,"2":1,"3":1,"4":1,"5":1,"6":1,"7":0,"8":0,"9":0,"10":0,"11":0,"12":0,"13":0,"14":0,"15":2,"16":0,"17":1},"b":{"1":[1,0],"2":[0,0],"3":[0,0],"4":[0,0],"5":[0,0],"6":[1,0]},"f":{"1":12,"2":1,"3":0,"4":0,"5":2,"6":0,"7":1},"fnMap":{"1":{"name":"constructor","line":48,"loc":{"start":{"line":48,"column":2},"end":{"line":52,"column":2}}},"2":{"name":"oracleRequest","line":80,"loc":{"start":{"line":67,"column":2},"end":{"line":102,"column":2}}},"3":{"name":"fulfillOracleRequest","line":118,"loc":{"start":{"line":113,"column":2},"end":{"line":129,"column":2}}},"4":{"name":"cancelOracleRequest","line":140,"loc":{"start":{"line":140,"column":2},"end":{"line":157,"column":2}}},"5":{"name":"getChainlinkToken","line":164,"loc":{"start":{"line":164,"column":2},"end":{"line":171,"column":2}}},"6":{"name":"isValidRequest","line":179,"loc":{"start":{"line":179,"column":2},"end":{"line":182,"column":2}}},"7":{"name":"checkCallbackAddress","line":189,"loc":{"start":{"line":189,"column":2},"end":{"line":192,"column":2}}}},"statementMap":{"1":{"start":{"line":51,"column":4},"end":{"line":51,"column":40}},"2":{"start":{"line":82,"column":4},"end":{"line":82,"column":68}},"3":{"start":{"line":83,"column":4},"end":{"line":83,"column":85}},"4":{"start":{"line":85,"column":4},"end":{"line":85,"column":45}},"5":{"start":{"line":87,"column":4},"end":{"line":87,"column":2767}},"6":{"start":{"line":92,"column":4},"end":{"line":92,"column":2875}},"7":{"start":{"line":121,"column":4},"end":{"line":121,"column":48}},"8":{"start":{"line":123,"column":4},"end":{"line":123,"column":87}},"9":{"start":{"line":127,"column":4},"end":{"line":127,"column":111}},"10":{"start":{"line":128,"column":4},"end":{"line":128,"column":18}},"11":{"start":{"line":149,"column":4},"end":{"line":149,"column":86}},"12":{"start":{"line":151,"column":4},"end":{"line":151,"column":56}},"13":{"start":{"line":154,"column":4},"end":{"line":154,"column":40}},"14":{"start":{"line":156,"column":4},"end":{"line":156,"column":51}},"15":{"start":{"line":170,"column":4},"end":{"line":170,"column":29}},"16":{"start":{"line":180,"column":4},"end":{"line":180,"column":93}},"17":{"start":{"line":190,"column":4},"end":{"line":190,"column":64}}},"branchMap":{"1":{"line":83,"type":"if","locations":[{"start":{"line":83,"column":4},"end":{"line":83,"column":4}},{"start":{"line":83,"column":4},"end":{"line":83,"column":4}}]},"2":{"line":123,"type":"if","locations":[{"start":{"line":123,"column":4},"end":{"line":123,"column":4}},{"start":{"line":123,"column":4},"end":{"line":123,"column":4}}]},"3":{"line":149,"type":"if","locations":[{"start":{"line":149,"column":4},"end":{"line":149,"column":4}},{"start":{"line":149,"column":4},"end":{"line":149,"column":4}}]},"4":{"line":151,"type":"if","locations":[{"start":{"line":151,"column":4},"end":{"line":151,"column":4}},{"start":{"line":151,"column":4},"end":{"line":151,"column":4}}]},"5":{"line":180,"type":"if","locations":[{"start":{"line":180,"column":4},"end":{"line":180,"column":4}},{"start":{"line":180,"column":4},"end":{"line":180,"column":4}}]},"6":{"line":190,"type":"if","locations":[{"start":{"line":190,"column":4},"end":{"line":190,"column":4}},{"start":{"line":190,"column":4},"end":{"line":190,"column":4}}]}}},"contracts/test/MockV3Aggregator.sol":{"l":{},"path":"/mnt/c/Users/Bernatmj/Desktop/gitIkcoin/chainlink-smart-contracts-bootcamp/Day2-Hardhat/hardhat-local-network/contracts/test/MockV3Aggregator.sol","s":{},"b":{},"f":{},"fnMap":{},"statementMap":{},"branchMap":{}},"contracts/test/VRFCoordinatorMock.sol":{"l":{},"path":"/mnt/c/Users/Bernatmj/Desktop/gitIkcoin/chainlink-smart-contracts-bootcamp/Day2-Hardhat/hardhat-local-network/contracts/test/VRFCoordinatorMock.sol","s":{},"b":{},"f":{},"fnMap":{},"statementMap":{},"branchMap":{}}}